<?xml version="1.0" encoding="UTF-8"?>
<testsuite xmlns:xsi="http://www.w3.org/2001/XMLSchema-instance" xsi:noNamespaceSchemaLocation="https://maven.apache.org/surefire/maven-surefire-plugin/xsd/surefire-test-report.xsd" name="conduit.ExamplesTest" time="4.123" tests="3" errors="0" skipped="0" failures="0">
  <properties>
    <property name="gopherProxySet" value="false"/>
    <property name="awt.toolkit" value="sun.lwawt.macosx.LWCToolkit"/>
    <property name="java.specification.version" value="11"/>
    <property name="sun.cpu.isalist" value=""/>
    <property name="sun.jnu.encoding" value="UTF-8"/>
    <property name="java.class.path" value="/Volumes/DevelopmentEnv/Java-Base/Automation/karateAutomation/target/test-classes:/Volumes/DevelopmentEnv/Java-Base/Automation/karateAutomation/target/classes:/Users/bolofbaba/.m2/repository/com/intuit/karate/karate-apache/0.9.4/karate-apache-0.9.4.jar:/Users/bolofbaba/.m2/repository/com/intuit/karate/karate-core/0.9.4/karate-core-0.9.4.jar:/Users/bolofbaba/.m2/repository/com/jayway/jsonpath/json-path/2.1.0/json-path-2.1.0.jar:/Users/bolofbaba/.m2/repository/net/minidev/json-smart/2.2/json-smart-2.2.jar:/Users/bolofbaba/.m2/repository/net/minidev/accessors-smart/1.1/accessors-smart-1.1.jar:/Users/bolofbaba/.m2/repository/org/ow2/asm/asm/5.0.3/asm-5.0.3.jar:/Users/bolofbaba/.m2/repository/info/cukes/cucumber-java/1.2.5/cucumber-java-1.2.5.jar:/Users/bolofbaba/.m2/repository/info/cukes/cucumber-core/1.2.5/cucumber-core-1.2.5.jar:/Users/bolofbaba/.m2/repository/org/yaml/snakeyaml/1.24/snakeyaml-1.24.jar:/Users/bolofbaba/.m2/repository/de/siegmar/fastcsv/1.0.3/fastcsv-1.0.3.jar:/Users/bolofbaba/.m2/repository/info/picocli/picocli/3.0.1/picocli-3.0.1.jar:/Users/bolofbaba/.m2/repository/org/apache/httpcomponents/httpclient/4.5.5/httpclient-4.5.5.jar:/Users/bolofbaba/.m2/repository/org/apache/httpcomponents/httpcore/4.4.9/httpcore-4.4.9.jar:/Users/bolofbaba/.m2/repository/commons-codec/commons-codec/1.10/commons-codec-1.10.jar:/Users/bolofbaba/.m2/repository/org/apache/httpcomponents/httpmime/4.5.5/httpmime-4.5.5.jar:/Users/bolofbaba/.m2/repository/org/slf4j/jcl-over-slf4j/1.7.25/jcl-over-slf4j-1.7.25.jar:/Users/bolofbaba/.m2/repository/org/slf4j/slf4j-api/1.7.25/slf4j-api-1.7.25.jar:/Users/bolofbaba/.m2/repository/ch/qos/logback/logback-classic/1.2.3/logback-classic-1.2.3.jar:/Users/bolofbaba/.m2/repository/ch/qos/logback/logback-core/1.2.3/logback-core-1.2.3.jar:/Users/bolofbaba/.m2/repository/com/intuit/karate/karate-junit5/0.9.4/karate-junit5-0.9.4.jar:/Users/bolofbaba/.m2/repository/org/junit/jupiter/junit-jupiter-api/5.4.0/junit-jupiter-api-5.4.0.jar:/Users/bolofbaba/.m2/repository/org/opentest4j/opentest4j/1.1.1/opentest4j-1.1.1.jar:/Users/bolofbaba/.m2/repository/org/junit/platform/junit-platform-commons/1.4.0/junit-platform-commons-1.4.0.jar:/Users/bolofbaba/.m2/repository/org/junit/jupiter/junit-jupiter-engine/5.4.0/junit-jupiter-engine-5.4.0.jar:/Users/bolofbaba/.m2/repository/org/apiguardian/apiguardian-api/1.0.0/apiguardian-api-1.0.0.jar:/Users/bolofbaba/.m2/repository/org/junit/platform/junit-platform-engine/1.4.0/junit-platform-engine-1.4.0.jar:"/>
    <property name="java.vm.vendor" value="AdoptOpenJDK"/>
    <property name="sun.arch.data.model" value="64"/>
    <property name="java.vendor.url" value="https://adoptopenjdk.net/"/>
    <property name="user.timezone" value=""/>
    <property name="java.vm.specification.version" value="11"/>
    <property name="os.name" value="Mac OS X"/>
    <property name="sun.java.launcher" value="SUN_STANDARD"/>
    <property name="user.country" value="US"/>
    <property name="sun.boot.library.path" value="/Library/Java/JavaVirtualMachines/adoptopenjdk-11.jdk/Contents/Home/lib"/>
    <property name="sun.java.command" value="/Volumes/DevelopmentEnv/Java-Base/Automation/karateAutomation/target/surefire/surefirebooter13492708047146873739.jar /Volumes/DevelopmentEnv/Java-Base/Automation/karateAutomation/target/surefire 2021-03-06T21-01-22_462-jvmRun1 surefire4036702102451575988tmp surefire_07400199663441745490tmp"/>
    <property name="http.nonProxyHosts" value="local|*.local|169.254/16|*.169.254/16"/>
    <property name="jdk.debug" value="release"/>
    <property name="surefire.test.class.path" value="/Volumes/DevelopmentEnv/Java-Base/Automation/karateAutomation/target/test-classes:/Volumes/DevelopmentEnv/Java-Base/Automation/karateAutomation/target/classes:/Users/bolofbaba/.m2/repository/com/intuit/karate/karate-apache/0.9.4/karate-apache-0.9.4.jar:/Users/bolofbaba/.m2/repository/com/intuit/karate/karate-core/0.9.4/karate-core-0.9.4.jar:/Users/bolofbaba/.m2/repository/com/jayway/jsonpath/json-path/2.1.0/json-path-2.1.0.jar:/Users/bolofbaba/.m2/repository/net/minidev/json-smart/2.2/json-smart-2.2.jar:/Users/bolofbaba/.m2/repository/net/minidev/accessors-smart/1.1/accessors-smart-1.1.jar:/Users/bolofbaba/.m2/repository/org/ow2/asm/asm/5.0.3/asm-5.0.3.jar:/Users/bolofbaba/.m2/repository/info/cukes/cucumber-java/1.2.5/cucumber-java-1.2.5.jar:/Users/bolofbaba/.m2/repository/info/cukes/cucumber-core/1.2.5/cucumber-core-1.2.5.jar:/Users/bolofbaba/.m2/repository/org/yaml/snakeyaml/1.24/snakeyaml-1.24.jar:/Users/bolofbaba/.m2/repository/de/siegmar/fastcsv/1.0.3/fastcsv-1.0.3.jar:/Users/bolofbaba/.m2/repository/info/picocli/picocli/3.0.1/picocli-3.0.1.jar:/Users/bolofbaba/.m2/repository/org/apache/httpcomponents/httpclient/4.5.5/httpclient-4.5.5.jar:/Users/bolofbaba/.m2/repository/org/apache/httpcomponents/httpcore/4.4.9/httpcore-4.4.9.jar:/Users/bolofbaba/.m2/repository/commons-codec/commons-codec/1.10/commons-codec-1.10.jar:/Users/bolofbaba/.m2/repository/org/apache/httpcomponents/httpmime/4.5.5/httpmime-4.5.5.jar:/Users/bolofbaba/.m2/repository/org/slf4j/jcl-over-slf4j/1.7.25/jcl-over-slf4j-1.7.25.jar:/Users/bolofbaba/.m2/repository/org/slf4j/slf4j-api/1.7.25/slf4j-api-1.7.25.jar:/Users/bolofbaba/.m2/repository/ch/qos/logback/logback-classic/1.2.3/logback-classic-1.2.3.jar:/Users/bolofbaba/.m2/repository/ch/qos/logback/logback-core/1.2.3/logback-core-1.2.3.jar:/Users/bolofbaba/.m2/repository/com/intuit/karate/karate-junit5/0.9.4/karate-junit5-0.9.4.jar:/Users/bolofbaba/.m2/repository/org/junit/jupiter/junit-jupiter-api/5.4.0/junit-jupiter-api-5.4.0.jar:/Users/bolofbaba/.m2/repository/org/opentest4j/opentest4j/1.1.1/opentest4j-1.1.1.jar:/Users/bolofbaba/.m2/repository/org/junit/platform/junit-platform-commons/1.4.0/junit-platform-commons-1.4.0.jar:/Users/bolofbaba/.m2/repository/org/junit/jupiter/junit-jupiter-engine/5.4.0/junit-jupiter-engine-5.4.0.jar:/Users/bolofbaba/.m2/repository/org/apiguardian/apiguardian-api/1.0.0/apiguardian-api-1.0.0.jar:/Users/bolofbaba/.m2/repository/org/junit/platform/junit-platform-engine/1.4.0/junit-platform-engine-1.4.0.jar:"/>
    <property name="sun.cpu.endian" value="little"/>
    <property name="user.home" value="/Users/bolofbaba"/>
    <property name="user.language" value="en"/>
    <property name="java.specification.vendor" value="Oracle Corporation"/>
    <property name="java.version.date" value="2021-01-19"/>
    <property name="java.home" value="/Library/Java/JavaVirtualMachines/adoptopenjdk-11.jdk/Contents/Home"/>
    <property name="file.separator" value="/"/>
    <property name="basedir" value="/Volumes/DevelopmentEnv/Java-Base/Automation/karateAutomation"/>
    <property name="java.vm.compressedOopsMode" value="Zero based"/>
    <property name="line.separator" value="&#10;"/>
    <property name="java.specification.name" value="Java Platform API Specification"/>
    <property name="java.vm.specification.vendor" value="Oracle Corporation"/>
    <property name="java.awt.graphicsenv" value="sun.awt.CGraphicsEnvironment"/>
    <property name="surefire.real.class.path" value="/Volumes/DevelopmentEnv/Java-Base/Automation/karateAutomation/target/surefire/surefirebooter13492708047146873739.jar"/>
    <property name="sun.management.compiler" value="HotSpot 64-Bit Tiered Compilers"/>
    <property name="ftp.nonProxyHosts" value="local|*.local|169.254/16|*.169.254/16"/>
    <property name="java.runtime.version" value="11.0.10+9"/>
    <property name="user.name" value="bolofbaba"/>
    <property name="path.separator" value=":"/>
    <property name="os.version" value="10.16"/>
    <property name="java.runtime.name" value="OpenJDK Runtime Environment"/>
    <property name="file.encoding" value="UTF-8"/>
    <property name="java.vm.name" value="OpenJDK 64-Bit Server VM"/>
    <property name="java.vendor.version" value="AdoptOpenJDK"/>
    <property name="localRepository" value="/Users/bolofbaba/.m2/repository"/>
    <property name="java.vendor.url.bug" value="https://github.com/AdoptOpenJDK/openjdk-support/issues"/>
    <property name="java.io.tmpdir" value="/var/folders/9q/xdwcvscd3b77mkcks2svdc080000gn/T/"/>
    <property name="java.version" value="11.0.10"/>
    <property name="user.dir" value="/Volumes/DevelopmentEnv/Java-Base/Automation/karateAutomation"/>
    <property name="os.arch" value="x86_64"/>
    <property name="java.vm.specification.name" value="Java Virtual Machine Specification"/>
    <property name="java.awt.printerjob" value="sun.lwawt.macosx.CPrinterJob"/>
    <property name="sun.os.patch.level" value="unknown"/>
    <property name="java.library.path" value="/Users/bolofbaba/Library/Java/Extensions:/Library/Java/Extensions:/Network/Library/Java/Extensions:/System/Library/Java/Extensions:/usr/lib/java:."/>
    <property name="java.vm.info" value="mixed mode"/>
    <property name="java.vendor" value="AdoptOpenJDK"/>
    <property name="java.vm.version" value="11.0.10+9"/>
    <property name="sun.io.unicode.encoding" value="UnicodeBig"/>
    <property name="java.class.version" value="55.0"/>
    <property name="socksNonProxyHosts" value="local|*.local|169.254/16|*.169.254/16"/>
  </properties>
  <testcase name="testAll[1][1]" classname="conduit.ExamplesTest" time="1.671"/>
  <testcase name="testAll[2][1]" classname="conduit.ExamplesTest" time="1.222"/>
  <testcase name="testAll[2][2]" classname="conduit.ExamplesTest" time="0.667"/>
</testsuite>